<?xml version="1.0" encoding="UTF-8"?>
<testsuite xmlns:xsi="http://www.w3.org/2001/XMLSchema-instance" xsi:noNamespaceSchemaLocation="https://maven.apache.org/surefire/maven-surefire-plugin/xsd/surefire-test-report.xsd" name="dto.runners.FailedTestRunner" time="0.021" tests="2" errors="0" skipped="0" failures="2">
  <properties>
[...]
</properties>
  <testcase name="3 Digits Function Tests 036" classname="More than two digits test" time="0.002">
    <failure type="java.lang.AssertionError">java.lang.AssertionError
</failure>
    <system-out><![CDATA[inputDigit = 036
actualList = [0DM, 0DN, 0DO, 0EM, 0EN, 0EO, 0FM, 0FN, 0FO]
expectedCombination = 0DM1
]]></system-out>
    <system-err><![CDATA[Jan 09, 2021 8:30:34 PM io.cucumber.junit.Cucumber <init>
WARNING: By default Cucumber is running in --non-strict mode.
This default will change to --strict and --non-strict will be removed.
You can use --strict or @CucumberOptions(strict = true) to suppress this warning
]]></system-err>
  </testcase>
  <testcase name="3 Digits Function Tests 189" classname="More than two digits test" time="0.001">
    <failure type="java.lang.AssertionError">java.lang.AssertionError
</failure>
    <system-out><![CDATA[inputDigit = 189
actualList = [1TW, 1TX, 1TY, 1TZ, 1UW, 1UX, 1UY, 1UZ, 1VW, 1VX, 1VY, 1VZ]
expectedCombination = 1UZ1
]]></system-out>
  </testcase>
</testsuite>