<?xml version="1.0" encoding="UTF-8"?>
<testsuite xmlns:xsi="http://www.w3.org/2001/XMLSchema-instance" xsi:noNamespaceSchemaLocation="https://maven.apache.org/surefire/maven-surefire-plugin/xsd/surefire-test-report.xsd" name="dto.runners.CukesRunner" time="5.196" tests="114" errors="0" skipped="0" failures="0">
  <properties>
[...]
</properties>
  <testcase name="one digit" classname="Random one and two digits test" time="0.271"/>
  <testcase name="double digit" classname="Random one and two digits test" time="0.016"/>
  <testcase name="try one valid single digit &quot;01&quot;" classname="Double Digit Function Test" time="0.122"/>
  <testcase name="try one valid single digit &quot;02&quot;" classname="Double Digit Function Test" time="0.022"/>
  <testcase name="try one valid single digit &quot;03&quot;" classname="Double Digit Function Test" time="0.034"/>
  <testcase name="try one valid single digit &quot;10&quot;" classname="Double Digit Function Test" time="0.032"/>
  <testcase name="try one valid single digit &quot;11&quot;" classname="Double Digit Function Test" time="0.019"/>
  <testcase name="try one valid single digit &quot;12&quot;" classname="Double Digit Function Test" time="0.016"/>
  <testcase name="try one valid single digit &quot;19&quot;" classname="Double Digit Function Test" time="0.023"/>
  <testcase name="try one valid single digit &quot;23&quot;" classname="Double Digit Function Test" time="0.022"/>
  <testcase name="try one valid single digit &quot;24&quot;" classname="Double Digit Function Test" time="0.013"/>
  <testcase name="try one valid single digit &quot;25&quot;" classname="Double Digit Function Test" time="0.015"/>
  <testcase name="try one valid single digit &quot;37&quot;" classname="Double Digit Function Test" time="0.011"/>
  <testcase name="try one valid single digit &quot;38&quot;" classname="Double Digit Function Test" time="0.018"/>
  <testcase name="try one valid single digit &quot;39&quot;" classname="Double Digit Function Test" time="0.013"/>
  <testcase name="try one valid single digit &quot;40&quot;" classname="Double Digit Function Test" time="0.012"/>
  <testcase name="try one valid single digit &quot;43&quot;" classname="Double Digit Function Test" time="0.01"/>
  <testcase name="try one valid single digit &quot;49&quot;" classname="Double Digit Function Test" time="0.011"/>
  <testcase name="try one valid single digit &quot;50&quot;" classname="Double Digit Function Test" time="0.008"/>
  <testcase name="try one valid single digit &quot;51&quot;" classname="Double Digit Function Test" time="0.009"/>
  <testcase name="try one valid single digit &quot;57&quot;" classname="Double Digit Function Test" time="0.009"/>
  <testcase name="try one valid single digit &quot;61&quot;" classname="Double Digit Function Test" time="0.009"/>
  <testcase name="try one valid single digit &quot;66&quot;" classname="Double Digit Function Test" time="0.011"/>
  <testcase name="try one valid single digit &quot;67&quot;" classname="Double Digit Function Test" time="0.02"/>
  <testcase name="try one valid single digit &quot;70&quot;" classname="Double Digit Function Test" time="0.01"/>
  <testcase name="try one valid single digit &quot;74&quot;" classname="Double Digit Function Test" time="0.02"/>
  <testcase name="try one valid single digit &quot;79&quot;" classname="Double Digit Function Test" time="0.011"/>
  <testcase name="try one valid single digit &quot;82&quot;" classname="Double Digit Function Test" time="0.01"/>
  <testcase name="try one valid single digit &quot;83&quot;" classname="Double Digit Function Test" time="0.009"/>
  <testcase name="try one valid single digit &quot;86&quot;" classname="Double Digit Function Test" time="0.008"/>
  <testcase name="try one valid single digit &quot;96&quot;" classname="Double Digit Function Test" time="0.016"/>
  <testcase name="try one valid single digit &quot;97&quot;" classname="Double Digit Function Test" time="0.009"/>
  <testcase name="try one valid single digit &quot;99&quot;" classname="Double Digit Function Test" time="0.009"/>
  <testcase name="try one specific double digit" classname="Double Digit Function Test" time="0.011"/>
  <testcase name="try one specific double digit" classname="Double Digit Function Test" time="0.009"/>
  <testcase name="try one specific double digit" classname="Double Digit Function Test" time="0.015"/>
  <testcase name="four digits test &quot;6637&quot;" classname="More than two digits test" time="0.029"/>
  <testcase name="five digits test &quot;01987&quot;" classname="More than two digits test" time="0.01"/>
  <testcase name="six digits test &quot;845326&quot;" classname="More than two digits test" time="0.053"/>
  <testcase name="seven digits test &quot;7377328&quot;" classname="More than two digits test" time="0.416"/>
  <testcase name="3 Digits Function Tests 036" classname="More than two digits test" time="0"/>
  <testcase name="3 Digits Function Tests 189" classname="More than two digits test" time="0.001"/>
  <testcase name="3 Digits Function Tests 255" classname="More than two digits test" time="0.001"/>
  <testcase name="3 Digits Function Tests 379" classname="More than two digits test" time="0.001"/>
  <testcase name="3 Digits Function Tests 404" classname="More than two digits test" time="0.012"/>
  <testcase name="3 Digits Function Tests 592" classname="More than two digits test" time="0.002"/>
  <testcase name="3 Digits Function Tests 677" classname="More than two digits test" time="0.001"/>
  <testcase name="3 Digits Function Tests 718" classname="More than two digits test" time="0.001"/>
  <testcase name="3 Digits Function Tests 836" classname="More than two digits test" time="0.001"/>
  <testcase name="3 Digits Function Tests 999" classname="More than two digits test" time="0.005"/>
  <testcase name="4 Digits Function Tests 0361" classname="More than two digits test" time="0.001"/>
  <testcase name="4 Digits Function Tests 1892" classname="More than two digits test" time="0.006"/>
  <testcase name="4 Digits Function Tests 2553" classname="More than two digits test" time="0.017"/>
  <testcase name="4 Digits Function Tests 3794" classname="More than two digits test" time="0.002"/>
  <testcase name="4 Digits Function Tests 4045" classname="More than two digits test" time="0.001"/>
  <testcase name="4 Digits Function Tests 5926" classname="More than two digits test" time="0.003"/>
  <testcase name="4 Digits Function Tests 6777" classname="More than two digits test" time="0.004"/>
  <testcase name="4 Digits Function Tests 7188" classname="More than two digits test" time="0.001"/>
  <testcase name="4 Digits Function Tests 8369" classname="More than two digits test" time="0.003"/>
  <testcase name="4 Digits Function Tests 9990" classname="More than two digits test" time="0.004"/>
  <testcase name="5 Digits Function Tests 03619" classname="More than two digits test" time="0.001"/>
  <testcase name="5 Digits Function Tests 18928" classname="More than two digits test" time="0.003"/>
  <testcase name="5 Digits Function Tests 25537" classname="More than two digits test" time="0.006"/>
  <testcase name="5 Digits Function Tests 37946" classname="More than two digits test" time="0.009"/>
  <testcase name="5 Digits Function Tests 40455" classname="More than two digits test" time="0.002"/>
  <testcase name="5 Digits Function Tests 59264" classname="More than two digits test" time="0.01"/>
  <testcase name="5 Digits Function Tests 67773" classname="More than two digits test" time="0.024"/>
  <testcase name="5 Digits Function Tests 71882" classname="More than two digits test" time="0.007"/>
  <testcase name="5 Digits Function Tests 83691" classname="More than two digits test" time="0.006"/>
  <testcase name="5 Digits Function Tests 99900" classname="More than two digits test" time="0.001"/>
  <testcase name="6 Digits Function Tests 123456" classname="More than two digits test" time="0.007"/>
  <testcase name="6 Digits Function Tests 987654" classname="More than two digits test" time="0.072"/>
  <testcase name="6 Digits Function Tests 543210" classname="More than two digits test" time="0.012"/>
  <testcase name="6 Digits Function Tests 456123" classname="More than two digits test" time="0.007"/>
  <testcase name="6 Digits Function Tests 135791" classname="More than two digits test" time="0.005"/>
  <testcase name="6 Digits Function Tests 024688" classname="More than two digits test" time="0.033"/>
  <testcase name="6 Digits Function Tests 677731" classname="More than two digits test" time="0.025"/>
  <testcase name="6 Digits Function Tests 718820" classname="More than two digits test" time="0.011"/>
  <testcase name="6 Digits Function Tests 836919" classname="More than two digits test" time="0.03"/>
  <testcase name="6 Digits Function Tests 999003" classname="More than two digits test" time="0.012"/>
  <testcase name="Name Tests 8242428" classname="More than two digits test" time="0.143"/>
  <testcase name="Name Tests 342632" classname="More than two digits test" time="0.038"/>
  <testcase name="Name Tests 739385524" classname="More than two digits test" time="2.625"/>
  <testcase name="Name Tests 545462" classname="More than two digits test" time="0.026"/>
  <testcase name="One digit test" classname="Negative Test of Dial Pad" time="0.004"/>
  <testcase name="Different combinations test" classname="Negative Test of Dial Pad" time="0"/>
  <testcase name="Different combinations test" classname="Negative Test of Dial Pad" time="0"/>
  <testcase name="Different combinations test" classname="Negative Test of Dial Pad" time="0.001"/>
  <testcase name="Different combinations test" classname="Negative Test of Dial Pad" time="0"/>
  <testcase name="Different combinations test" classname="Negative Test of Dial Pad" time="0"/>
  <testcase name="Different combinations test" classname="Negative Test of Dial Pad" time="0.001"/>
  <testcase name="Different combinations test" classname="Negative Test of Dial Pad" time="0"/>
  <testcase name="Different combinations test" classname="Negative Test of Dial Pad" time="0.001"/>
  <testcase name="Different combinations test" classname="Negative Test of Dial Pad" time="0"/>
  <testcase name="Different combinations test" classname="Negative Test of Dial Pad" time="0.002"/>
  <testcase name="Different combinations test" classname="Negative Test of Dial Pad" time="0.001"/>
  <testcase name="Different combinations test" classname="Negative Test of Dial Pad" time="0.001"/>
  <testcase name="Different combinations test" classname="Negative Test of Dial Pad" time="0"/>
  <testcase name="Different combinations test" classname="Negative Test of Dial Pad" time="0.001"/>
  <testcase name="Different combinations test" classname="Negative Test of Dial Pad" time="0"/>
  <testcase name="Different combinations test" classname="Negative Test of Dial Pad" time="0.001"/>
  <testcase name="Different combinations test" classname="Negative Test of Dial Pad" time="0"/>
  <testcase name="Different combinations test" classname="Negative Test of Dial Pad" time="0.001"/>
  <testcase name="try one valid single digit 0" classname="Single Digit Function Test" time="0"/>
  <testcase name="try one valid single digit 1" classname="Single Digit Function Test" time="0"/>
  <testcase name="try one valid single digit 2" classname="Single Digit Function Test" time="0.001"/>
  <testcase name="try one valid single digit 3" classname="Single Digit Function Test" time="0"/>
  <testcase name="try one valid single digit 4" classname="Single Digit Function Test" time="0.001"/>
  <testcase name="try one valid single digit 5" classname="Single Digit Function Test" time="0"/>
  <testcase name="try one valid single digit 6" classname="Single Digit Function Test" time="0.002"/>
  <testcase name="try one valid single digit 7" classname="Single Digit Function Test" time="0"/>
  <testcase name="try one valid single digit 8" classname="Single Digit Function Test" time="0.001"/>
  <testcase name="try one valid single digit 9" classname="Single Digit Function Test" time="0"/>
  <testcase name="try one specific single digit" classname="Single Digit Function Test" time="0"/>
</testsuite>